<?xml version="1.0" encoding="utf-8"?><testsuites name="pytest tests"><testsuite name="pytest" errors="0" failures="0" skipped="0" tests="4" time="3.083" timestamp="2026-09-18T16:09:25.559193+00:00" hostname="agent-env-c3ed9c44-c8d7-4d2c-8dad-f2af3c2143c4"><testcase classname="backend.tests.test_bulk_invite" name="test_bulk_invite_forbidden_for_admin" time="0.632" /><testcase classname="backend.tests.test_bulk_invite" name="test_bulk_invite_requires_auth" time="0.175" /><testcase classname="backend.tests.test_bulk_invite" name="test_bulk_invite_mixed_input" time="1.092" /><testcase classname="backend.tests.test_bulk_invite" name="test_invited_user_can_login_and_role_applied" time="1.128" /></testsuite></testsuites>