<?xml version="1.0" encoding="utf-8"?><testsuites name="pytest tests"><testsuite name="pytest" errors="0" failures="0" skipped="0" tests="16" time="8.595" timestamp="2026-09-18T21:49:12.767933+00:00" hostname="agent-env-c3ed9c44-c8d7-4d2c-8dad-f2af3c2143c4"><testcase classname="backend.tests.test_campaigns_elections.TestGlobalCampaigns" name="test_admin_creates_global_campaign_no_client_id" time="2.017" /><testcase classname="backend.tests.test_campaigns_elections.TestGlobalCampaigns" name="test_marketer_cannot_create_campaign" time="0.166" /><testcase classname="backend.tests.test_campaigns_elections.TestGlobalCampaigns" name="test_new_campaign_appears_in_all_clients_elections" time="1.189" /><testcase classname="backend.tests.test_campaigns_elections.TestElections" name="test_admin_sets_and_persists_election" time="0.859" /><testcase classname="backend.tests.test_campaigns_elections.TestElections" name="test_invalid_decision_rejected" time="0.140" /><testcase classname="backend.tests.test_campaigns_elections.TestElections" name="test_election_change_appears_in_activity_timeline" time="0.270" /><testcase classname="backend.tests.test_campaigns_elections.TestElections" name="test_marketer_cannot_set_election" time="0.136" /><testcase classname="backend.tests.test_campaigns_elections.TestElections" name="test_client_manager_not_assigned_cannot_set_election" time="0.777" /><testcase classname="backend.tests.test_campaigns_elections.TestElections" name="test_client_manager_assigned_can_set_election" time="0.599" /><testcase classname="backend.tests.test_campaigns_elections.TestUptake" name="test_uptake_counts_reflect_elections" time="0.542" /><testcase classname="backend.tests.test_campaigns_elections.TestRoleScoping" name="test_marketer_cannot_list_clients" time="0.119" /><testcase classname="backend.tests.test_campaigns_elections.TestRoleScoping" name="test_marketer_cannot_get_client" time="0.172" /><testcase classname="backend.tests.test_campaigns_elections.TestRoleScoping" name="test_marketer_can_list_campaigns" time="0.142" /><testcase classname="backend.tests.test_campaigns_elections.TestRoleScoping" name="test_marketer_scope_all_returns_more" time="0.309" /><testcase classname="backend.tests.test_campaigns_elections.TestRoleScoping" name="test_marketer_assigned_scope_mine_returns_it" time="0.382" /><testcase classname="backend.tests.test_campaigns_elections.TestRoleScoping" name="test_client_manager_scope_mine_filters" time="0.587" /></testsuite></testsuites>