<?xml version="1.0" encoding="utf-8"?><testsuites name="pytest tests"><testsuite name="pytest" errors="0" failures="0" skipped="0" tests="8" time="3.993" timestamp="2026-09-19T01:57:07.731471+00:00" hostname="agent-env-c3ed9c44-c8d7-4d2c-8dad-f2af3c2143c4"><testcase classname="backend.tests.test_election_summary.TestElectionSummary" name="test_admin_returns_shape" time="1.792" /><testcase classname="backend.tests.test_election_summary.TestElectionSummary" name="test_superuser_ok" time="0.126" /><testcase classname="backend.tests.test_election_summary.TestElectionSummary" name="test_client_manager_ok" time="0.141" /><testcase classname="backend.tests.test_election_summary.TestElectionSummary" name="test_marketer_forbidden" time="0.130" /><testcase classname="backend.tests.test_election_summary.TestElectionSummary" name="test_no_auth" time="0.157" /><testcase classname="backend.tests.test_election_summary.TestElectionSummary" name="test_route_order_not_shadowed_by_client_id" time="0.156" /><testcase classname="backend.tests.test_election_summary.TestElectionSummary" name="test_counts_match_seed" time="0.308" /><testcase classname="backend.tests.test_election_summary.TestElectionUpdateReflectsInSummary" name="test_set_election_updates_counts" time="0.946" /></testsuite></testsuites>