<?xml version="1.0" encoding="utf-8"?><testsuites name="pytest tests"><testsuite name="pytest" errors="0" failures="0" skipped="0" tests="8" time="2.509" timestamp="2026-09-18T22:06:18.659354+00:00" hostname="agent-env-c3ed9c44-c8d7-4d2c-8dad-f2af3c2143c4"><testcase classname="backend.tests.test_export_and_role_labels.TestExportBackend" name="test_export_optin_admin" time="0.678" /><testcase classname="backend.tests.test_export_and_role_labels.TestExportBackend" name="test_export_optout_admin" time="0.077" /><testcase classname="backend.tests.test_export_and_role_labels.TestExportBackend" name="test_export_both_admin" time="0.086" /><testcase classname="backend.tests.test_export_and_role_labels.TestExportBackend" name="test_export_marketer_allowed" time="0.496" /><testcase classname="backend.tests.test_export_and_role_labels.TestExportBackend" name="test_export_invalid_type" time="0.076" /><testcase classname="backend.tests.test_export_and_role_labels.TestExportBackend" name="test_export_unknown_campaign" time="0.078" /><testcase classname="backend.tests.test_export_and_role_labels.TestGlobalWinterPushCounts" name="test_specific_counts" time="0.306" /><testcase classname="backend.tests.test_export_and_role_labels.TestRoleStillMarketer" name="test_marketer_user_has_role_marketer" time="0.453" /></testsuite></testsuites>