<?xml version="1.0" encoding="utf-8"?><testsuites name="pytest tests"><testsuite name="pytest" errors="0" failures="0" skipped="0" tests="12" time="5.979" timestamp="2026-09-18T16:19:52.708093+00:00" hostname="agent-env-c3ed9c44-c8d7-4d2c-8dad-f2af3c2143c4"><testcase classname="backend.tests.test_force_password_reset" name="test_invited_login_returns_must_change_true" time="1.313" /><testcase classname="backend.tests.test_force_password_reset" name="test_me_returns_must_change_true" time="0.160" /><testcase classname="backend.tests.test_force_password_reset" name="test_change_password_requires_auth" time="0.126" /><testcase classname="backend.tests.test_force_password_reset" name="test_change_password_wrong_current" time="0.362" /><testcase classname="backend.tests.test_force_password_reset" name="test_change_password_too_short" time="0.361" /><testcase classname="backend.tests.test_force_password_reset" name="test_change_password_same_as_current" time="0.595" /><testcase classname="backend.tests.test_force_password_reset" name="test_change_password_success_and_flag_cleared" time="0.980" /><testcase classname="backend.tests.test_force_password_reset" name="test_old_temp_password_rejected" time="0.349" /><testcase classname="backend.tests.test_force_password_reset" name="test_new_password_login_not_gated" time="0.389" /><testcase classname="backend.tests.test_force_password_reset" name="test_seed_users_not_gated[creds0]" time="0.375" /><testcase classname="backend.tests.test_force_password_reset" name="test_seed_users_not_gated[creds1]" time="0.406" /><testcase classname="backend.tests.test_force_password_reset" name="test_seed_users_not_gated[creds2]" time="0.498" /></testsuite></testsuites>